program ran
Wed Jul  5 04:33:47 PM EDT 2023
program ran
Wed Jul  5 04:33:59 PM EDT 2023
program ran
Wed Jul  5 04:38:18 PM EDT 2023
program ran
Wed Jul  5 04:38:29 PM EDT 2023
program ran
Wed Jul  5 04:41:02 PM EDT 2023
you only had 1 arguments
Wed Jul  5 04:42:07 PM EDT 2023
you only had 1 arguments
We ran with the arguments shape
Wed Jul  5 04:42:12 PM EDT 2023
program ran successfully
We ran with the arguments shape txt
Wed Jul  5 04:43:15 PM EDT 2023
program ran successfully
We ran with the arguments shape txt
Wed Jul  5 04:44:06 PM EDT 2023
program ran successfully
We ran with the arguments shape txt help me I want to go home now please
Wed Jul  5 04:44:59 PM EDT 2023
program ran successfully
We ran with the arguments shape txt help me I want to go home now please
the last one was home there is not shape0
Wed Jul  5 04:47:37 PM EDT 2023
program ran successfully
We ran with the arguments shape txt help me I want to go home now please
the last one was home there is not shape0
now the last one is now, enjoy, but the first one is txt
